{"D:\\Work\\ui-test-assignment\\src\\components\\tags-input.tsx": {"path":"D:\\Work\\ui-test-assignment\\src\\components\\tags-input.tsx","all":false,"statementMap":{"0":{"start":{"line":1,"column":0},"end":{"line":1,"column":60}},"1":{"start":{"line":2,"column":0},"end":{"line":2,"column":29}},"7":{"start":{"line":8,"column":0},"end":{"line":8,"column":77}},"8":{"start":{"line":9,"column":0},"end":{"line":9,"column":49}},"9":{"start":{"line":10,"column":0},"end":{"line":10,"column":59}},"10":{"start":{"line":11,"column":0},"end":{"line":11,"column":49}},"12":{"start":{"line":13,"column":0},"end":{"line":13,"column":25}},"13":{"start":{"line":14,"column":0},"end":{"line":14,"column":30}},"14":{"start":{"line":15,"column":0},"end":{"line":15,"column":23}},"15":{"start":{"line":16,"column":0},"end":{"line":16,"column":29}},"16":{"start":{"line":17,"column":0},"end":{"line":17,"column":26}},"18":{"start":{"line":19,"column":0},"end":{"line":19,"column":68}},"20":{"start":{"line":21,"column":0},"end":{"line":21,"column":35}},"21":{"start":{"line":22,"column":0},"end":{"line":22,"column":68}},"22":{"start":{"line":23,"column":0},"end":{"line":23,"column":36}},"23":{"start":{"line":24,"column":0},"end":{"line":24,"column":37}},"24":{"start":{"line":25,"column":0},"end":{"line":25,"column":19}},"25":{"start":{"line":26,"column":0},"end":{"line":26,"column":5}},"26":{"start":{"line":27,"column":0},"end":{"line":27,"column":22}},"27":{"start":{"line":28,"column":0},"end":{"line":28,"column":4}},"29":{"start":{"line":30,"column":0},"end":{"line":30,"column":69}},"30":{"start":{"line":31,"column":0},"end":{"line":31,"column":32}},"31":{"start":{"line":32,"column":0},"end":{"line":32,"column":29}},"32":{"start":{"line":33,"column":0},"end":{"line":33,"column":16}},"33":{"start":{"line":34,"column":0},"end":{"line":34,"column":5}},"34":{"start":{"line":35,"column":0},"end":{"line":35,"column":4}},"36":{"start":{"line":37,"column":0},"end":{"line":37,"column":63}},"37":{"start":{"line":38,"column":0},"end":{"line":38,"column":32}},"38":{"start":{"line":39,"column":0},"end":{"line":39,"column":29}},"39":{"start":{"line":40,"column":0},"end":{"line":40,"column":16}},"40":{"start":{"line":41,"column":0},"end":{"line":41,"column":5}},"41":{"start":{"line":42,"column":0},"end":{"line":42,"column":4}},"43":{"start":{"line":44,"column":0},"end":{"line":44,"column":40}},"44":{"start":{"line":45,"column":0},"end":{"line":45,"column":48}},"45":{"start":{"line":46,"column":0},"end":{"line":46,"column":4}},"47":{"start":{"line":48,"column":0},"end":{"line":48,"column":10}},"48":{"start":{"line":49,"column":0},"end":{"line":49,"column":6}},"49":{"start":{"line":50,"column":0},"end":{"line":50,"column":43}},"50":{"start":{"line":51,"column":0},"end":{"line":51,"column":43}},"51":{"start":{"line":52,"column":0},"end":{"line":52,"column":37}},"52":{"start":{"line":53,"column":0},"end":{"line":53,"column":45}},"53":{"start":{"line":54,"column":0},"end":{"line":54,"column":53}},"54":{"start":{"line":55,"column":0},"end":{"line":55,"column":78}},"56":{"start":{"line":57,"column":0},"end":{"line":57,"column":23}},"57":{"start":{"line":58,"column":0},"end":{"line":58,"column":18}},"58":{"start":{"line":59,"column":0},"end":{"line":59,"column":13}},"59":{"start":{"line":60,"column":0},"end":{"line":60,"column":16}},"60":{"start":{"line":61,"column":0},"end":{"line":61,"column":23}},"61":{"start":{"line":62,"column":0},"end":{"line":62,"column":30}},"62":{"start":{"line":63,"column":0},"end":{"line":63,"column":59}},"63":{"start":{"line":64,"column":0},"end":{"line":64,"column":37}},"64":{"start":{"line":65,"column":0},"end":{"line":65,"column":31}},"65":{"start":{"line":66,"column":0},"end":{"line":66,"column":70}},"66":{"start":{"line":67,"column":0},"end":{"line":67,"column":33}},"67":{"start":{"line":68,"column":0},"end":{"line":68,"column":26}},"68":{"start":{"line":69,"column":0},"end":{"line":69,"column":12}},"69":{"start":{"line":70,"column":0},"end":{"line":70,"column":14}},"70":{"start":{"line":71,"column":0},"end":{"line":71,"column":12}},"71":{"start":{"line":72,"column":0},"end":{"line":72,"column":53}},"72":{"start":{"line":73,"column":0},"end":{"line":73,"column":7}},"74":{"start":{"line":75,"column":0},"end":{"line":75,"column":2}},"76":{"start":{"line":77,"column":0},"end":{"line":77,"column":33}}},"s":{"0":1,"1":1,"7":1,"8":16,"9":16,"10":16,"12":16,"13":5,"14":5,"15":5,"16":5,"18":5,"20":5,"21":1,"22":5,"23":4,"24":4,"25":4,"26":5,"27":5,"29":16,"30":4,"31":4,"32":4,"33":4,"34":4,"36":16,"37":1,"38":1,"39":1,"40":1,"41":1,"43":16,"44":1,"45":1,"47":16,"48":16,"49":16,"50":16,"51":16,"52":6,"53":6,"54":6,"56":6,"57":6,"58":16,"59":16,"60":16,"61":16,"62":16,"63":16,"64":16,"65":16,"66":16,"67":16,"68":16,"69":16,"70":16,"71":16,"72":16,"74":16,"76":1},"branchMap":{"0":{"type":"branch","line":8,"loc":{"start":{"line":8,"column":51},"end":{"line":75,"column":2}},"locations":[{"start":{"line":8,"column":51},"end":{"line":75,"column":2}}]},"1":{"type":"branch","line":72,"loc":{"start":{"line":72,"column":7},"end":{"line":72,"column":53}},"locations":[{"start":{"line":72,"column":7},"end":{"line":72,"column":53}}]},"2":{"type":"branch","line":13,"loc":{"start":{"line":13,"column":18},"end":{"line":28,"column":4}},"locations":[{"start":{"line":13,"column":18},"end":{"line":28,"column":4}}]},"3":{"type":"branch","line":21,"loc":{"start":{"line":21,"column":34},"end":{"line":23,"column":15}},"locations":[{"start":{"line":21,"column":34},"end":{"line":23,"column":15}}]},"4":{"type":"branch","line":23,"loc":{"start":{"line":23,"column":4},"end":{"line":26,"column":5}},"locations":[{"start":{"line":23,"column":4},"end":{"line":26,"column":5}}]},"5":{"type":"branch","line":16,"loc":{"start":{"line":16,"column":11},"end":{"line":16,"column":28}},"locations":[{"start":{"line":16,"column":11},"end":{"line":16,"column":28}}]},"6":{"type":"branch","line":17,"loc":{"start":{"line":17,"column":14},"end":{"line":17,"column":24}},"locations":[{"start":{"line":17,"column":14},"end":{"line":17,"column":24}}]},"7":{"type":"branch","line":19,"loc":{"start":{"line":19,"column":41},"end":{"line":19,"column":66}},"locations":[{"start":{"line":19,"column":41},"end":{"line":19,"column":66}}]},"8":{"type":"branch","line":30,"loc":{"start":{"line":30,"column":24},"end":{"line":35,"column":4}},"locations":[{"start":{"line":30,"column":24},"end":{"line":35,"column":4}}]},"9":{"type":"branch","line":37,"loc":{"start":{"line":37,"column":21},"end":{"line":42,"column":4}},"locations":[{"start":{"line":37,"column":21},"end":{"line":42,"column":4}}]},"10":{"type":"branch","line":44,"loc":{"start":{"line":44,"column":20},"end":{"line":46,"column":4}},"locations":[{"start":{"line":44,"column":20},"end":{"line":46,"column":4}}]},"11":{"type":"branch","line":45,"loc":{"start":{"line":45,"column":24},"end":{"line":45,"column":45}},"locations":[{"start":{"line":45,"column":24},"end":{"line":45,"column":45}}]},"12":{"type":"branch","line":52,"loc":{"start":{"line":52,"column":20},"end":{"line":58,"column":18}},"locations":[{"start":{"line":52,"column":20},"end":{"line":58,"column":18}}]},"13":{"type":"branch","line":55,"loc":{"start":{"line":55,"column":54},"end":{"line":55,"column":78}},"locations":[{"start":{"line":55,"column":54},"end":{"line":55,"column":78}}]},"14":{"type":"branch","line":63,"loc":{"start":{"line":63,"column":22},"end":{"line":63,"column":59}},"locations":[{"start":{"line":63,"column":22},"end":{"line":63,"column":59}}]}},"b":{"0":[16],"1":[1],"2":[5],"3":[1],"4":[4],"5":[5],"6":[5],"7":[5],"8":[4],"9":[1],"10":[1],"11":[1],"12":[6],"13":[1],"14":[5]},"fnMap":{"0":{"name":"TagInputComponent","decl":{"start":{"line":8,"column":51},"end":{"line":75,"column":2}},"loc":{"start":{"line":8,"column":51},"end":{"line":75,"column":2}},"line":8},"1":{"name":"addTags","decl":{"start":{"line":13,"column":18},"end":{"line":28,"column":4}},"loc":{"start":{"line":13,"column":18},"end":{"line":28,"column":4}},"line":13},"2":{"name":"handleKeyDown","decl":{"start":{"line":30,"column":24},"end":{"line":35,"column":4}},"loc":{"start":{"line":30,"column":24},"end":{"line":35,"column":4}},"line":30},"3":{"name":"handleBlur","decl":{"start":{"line":37,"column":21},"end":{"line":42,"column":4}},"loc":{"start":{"line":37,"column":21},"end":{"line":42,"column":4}},"line":37},"4":{"name":"removeTag","decl":{"start":{"line":44,"column":20},"end":{"line":46,"column":4}},"loc":{"start":{"line":44,"column":20},"end":{"line":46,"column":4}},"line":44},"5":{"name":"onClick","decl":{"start":{"line":55,"column":54},"end":{"line":55,"column":78}},"loc":{"start":{"line":55,"column":54},"end":{"line":55,"column":78}},"line":55},"6":{"name":"onChange","decl":{"start":{"line":63,"column":22},"end":{"line":63,"column":59}},"loc":{"start":{"line":63,"column":22},"end":{"line":63,"column":59}},"line":63}},"f":{"0":16,"1":5,"2":4,"3":1,"4":1,"5":1,"6":5}}
}
